<?xml version="1.0" encoding="UTF-8"?>
<testng-results ignored="3" total="5" passed="2" failed="0" skipped="0">
  <reporter-output>
  </reporter-output>
  <suite started-at="2024-08-23T18:20:40 IST" name="Parallel Class Testing" finished-at="2024-08-23T18:20:53 IST" duration-ms="12817">
    <groups>
    </groups>
    <test started-at="2024-08-23T18:20:40 IST" name="parallelTest" finished-at="2024-08-23T18:20:53 IST" duration-ms="12817">
      <class name="testScript.LoginPage_Test">
        <test-method is-config="true" signature="initialiseBrowser(java.lang.String)[pri:0, instance:testScript.LoginPage_Test@5e7cd6cc]" started-at="2024-08-23T18:20:40 IST" name="initialiseBrowser" finished-at="2024-08-23T18:20:47 IST" duration-ms="6443" status="PASS">
          <params>
            <param index="0">
              <value>
                <![CDATA[Chrome]]>
              </value>
            </param>
          </params>
          <reporter-output>
          </reporter-output>
        </test-method> <!-- initialiseBrowser -->
        <test-method signature="verify_User_is_Able_To_Login_Using_Valid_Credentials(java.lang.String,java.lang.String)[pri:0, instance:testScript.LoginPage_Test@5e7cd6cc]" started-at="2024-08-23T18:20:47 IST" name="verify_User_is_Able_To_Login_Using_Valid_Credentials" finished-at="2024-08-23T18:20:48 IST" duration-ms="1548" status="PASS">
          <params>
            <param index="0">
              <value>
                <![CDATA[admin]]>
              </value>
            </param>
            <param index="1">
              <value>
                <![CDATA[admin]]>
              </value>
            </param>
          </params>
          <reporter-output>
          </reporter-output>
        </test-method> <!-- verify_User_is_Able_To_Login_Using_Valid_Credentials -->
        <test-method is-config="true" signature="afterMethod(org.testng.ITestResult)[pri:0, instance:testScript.LoginPage_Test@5e7cd6cc]" started-at="2024-08-23T18:20:48 IST" name="afterMethod" finished-at="2024-08-23T18:20:48 IST" duration-ms="7" status="PASS">
          <params>
            <param index="0">
              <value>
                <![CDATA[[TestResult name=verify_User_is_Able_To_Login_Using_Valid_Credentials status=SUCCESS method=LoginPage_Test.verify_User_is_Able_To_Login_Using_Valid_Credentials(java.lang.String,java.lang.String)[pri:0, instance:testScript.LoginPage_Test@5e7cd6cc] output={null}]]]>
              </value>
            </param>
          </params>
          <reporter-output>
          </reporter-output>
        </test-method> <!-- afterMethod -->
      </class> <!-- testScript.LoginPage_Test -->
      <class name="testScript.NewAdmin_Test">
        <test-method is-config="true" signature="initialiseBrowser(java.lang.String)[pri:0, instance:testScript.NewAdmin_Test@1807f5a7]" started-at="2024-08-23T18:20:40 IST" name="initialiseBrowser" finished-at="2024-08-23T18:20:47 IST" duration-ms="6702" status="PASS">
          <params>
            <param index="0">
              <value>
                <![CDATA[Chrome]]>
              </value>
            </param>
          </params>
          <reporter-output>
          </reporter-output>
        </test-method> <!-- initialiseBrowser -->
        <test-method signature="verify_User_is_Able_To_Add_NewUser(java.lang.String,java.lang.String)[pri:0, instance:testScript.NewAdmin_Test@1807f5a7]" started-at="2024-08-23T18:20:47 IST" name="verify_User_is_Able_To_Add_NewUser" finished-at="2024-08-23T18:20:53 IST" duration-ms="6031" status="PASS">
          <params>
            <param index="0">
              <value>
                <![CDATA[admin]]>
              </value>
            </param>
            <param index="1">
              <value>
                <![CDATA[admin]]>
              </value>
            </param>
          </params>
          <reporter-output>
          </reporter-output>
        </test-method> <!-- verify_User_is_Able_To_Add_NewUser -->
        <test-method is-config="true" signature="afterMethod(org.testng.ITestResult)[pri:0, instance:testScript.NewAdmin_Test@1807f5a7]" started-at="2024-08-23T18:20:53 IST" name="afterMethod" finished-at="2024-08-23T18:20:53 IST" duration-ms="0" status="PASS">
          <params>
            <param index="0">
              <value>
                <![CDATA[[TestResult name=verify_User_is_Able_To_Add_NewUser status=SUCCESS method=NewAdmin_Test.verify_User_is_Able_To_Add_NewUser(java.lang.String,java.lang.String)[pri:0, instance:testScript.NewAdmin_Test@1807f5a7] output={null}]]]>
              </value>
            </param>
          </params>
          <reporter-output>
          </reporter-output>
        </test-method> <!-- afterMethod -->
      </class> <!-- testScript.NewAdmin_Test -->
    </test> <!-- parallelTest -->
  </suite> <!-- Parallel Class Testing -->
</testng-results>
