<?xml version="1.0" encoding="UTF-8"?>
<!-- Generated by org.testng.reporters.JUnitXMLReporter -->
<testsuite ignored="3" hostname="LAPTOP-KQRS1J5O" failures="0" tests="1" name="Grouping.xml" time="4.184" errors="0" timestamp="2024-08-23T18:08:58 IST">
  <testcase classname="testScript.LoginPage_Test" name="verify_User_is_Able_To_Login_Using_invalid_Username_Valid_Password" time="0.805"/>
  <testcase classname="testScript.LoginPage_Test" name="verify_User_is_Able_To_Login_Using_Valid_Credentials" time="0.0">
    <ignored/>
  </testcase> <!-- verify_User_is_Able_To_Login_Using_Valid_Credentials -->
  <testcase classname="testScript.LoginPage_Test" name="verify_User_is_Able_to_Login_Using_Valid_Username_invalid_Password" time="0.0">
    <ignored/>
  </testcase> <!-- verify_User_is_Able_to_Login_Using_Valid_Username_invalid_Password -->
  <testcase classname="testScript.LoginPage_Test" name="verify_User_is_Able_to_Login_Using_Invalid_Username_Invalid_Password" time="0.0">
    <ignored/>
  </testcase> <!-- verify_User_is_Able_to_Login_Using_Invalid_Username_Invalid_Password -->
</testsuite> <!-- Grouping.xml -->
